Arguments: 
  /usr/local/bin/node /usr/local/bin/yarn install

PATH: 
  /opt/homebrew/opt/libxml2/bin:/opt/homebrew/opt/libxml2/bin:/opt/homebrew/opt/libxml2/bin:/opt/homebrew/opt/libxml2/bin:/opt/homebrew/opt/libxml2/bin:/opt/homebrew/opt/libxml2/bin:/opt/homebrew/opt/libxml2/bin:/opt/homebrew/opt/libxml2/bin:/opt/homebrew/opt/libxml2/bin:/opt/homebrew/opt/libxml2/bin:/opt/homebrew/opt/libxml2/bin:/opt/homebrew/opt/libxml2/bin:/opt/homebrew/opt/libxml2/bin:/opt/homebrew/opt/libxml2/bin:/opt/homebrew/opt/libxml2/bin:/opt/homebrew/opt/libxml2/bin:/opt/homebrew/opt/libxml2/bin:/opt/homebrew/opt/libxml2/bin:/opt/homebrew/opt/libxml2/bin:/opt/homebrew/opt/libxml2/bin:/opt/homebrew/opt/libxml2/bin:/opt/homebrew/opt/libxml2/bin:/opt/homebrew/opt/libxml2/bin:/opt/homebrew/opt/libxml2/bin:/opt/homebrew/opt/libxml2/bin:/opt/homebrew/opt/libxml2/bin:/opt/homebrew/opt/libxml2/bin:/opt/homebrew/opt/libxml2/bin:/opt/homebrew/opt/libxml2/bin:/opt/homebrew/opt/libxml2/bin:/opt/homebrew/opt/libxml2/bin:/opt/homebrew/opt/libxml2/bin:/opt/homebrew/opt/libxml2/bin:/opt/homebrew/opt/libxml2/bin:/opt/homebrew/opt/libxml2/bin:/opt/homebrew/opt/libxml2/bin:/opt/homebrew/opt/libxml2/bin:/opt/homebrew/opt/libxml2/bin:/opt/homebrew/opt/libxml2/bin:/opt/homebrew/opt/libxml2/bin:/opt/homebrew/opt/libxml2/bin:/opt/homebrew/opt/libxml2/bin:/opt/homebrew/opt/libxml2/bin:/opt/homebrew/opt/libxml2/bin:/opt/homebrew/opt/libxml2/bin:/opt/homebrew/opt/libxml2/bin:/opt/homebrew/opt/libxml2/bin:/opt/homebrew/opt/libxml2/bin:/opt/homebrew/opt/libxml2/bin:/opt/homebrew/opt/libxml2/bin:/opt/homebrew/opt/libxml2/bin:/opt/homebrew/opt/libxml2/bin:/opt/homebrew/opt/libxml2/bin:/opt/homebrew/opt/libxml2/bin:/opt/homebrew/opt/libxml2/bin:/opt/homebrew/opt/libxml2/bin:/opt/homebrew/opt/libxml2/bin:/opt/homebrew/opt/libxml2/bin:/opt/homebrew/opt/libxml2/bin:/opt/homebrew/opt/libxml2/bin:/opt/homebrew/opt/libxml2/bin:/opt/homebrew/opt/libxml2/bin:/opt/homebrew/opt/libxml2/bin:/opt/homebrew/opt/libxml2/bin:/opt/homebrew/opt/libxml2/bin:/opt/homebrew/opt/libxml2/bin:/opt/homebrew/opt/libxml2/bin:/opt/homebrew/opt/libxml2/bin:/opt/homebrew/opt/libxml2/bin:/opt/homebrew/opt/libxml2/bin:/opt/homebrew/opt/libxml2/bin:/opt/homebrew/opt/libxml2/bin:/opt/homebrew/opt/libxml2/bin:/opt/homebrew/opt/libxml2/bin:/opt/homebrew/opt/libxml2/bin:/opt/homebrew/opt/libxml2/bin:/opt/homebrew/opt/libxml2/bin:/opt/homebrew/opt/libxml2/bin:/opt/homebrew/opt/libxml2/bin:/opt/homebrew/opt/libxml2/bin:/opt/homebrew/opt/libxml2/bin:/opt/homebrew/opt/libxml2/bin:/opt/homebrew/opt/libxml2/bin:/opt/homebrew/opt/libxml2/bin:/opt/homebrew/opt/libxml2/bin:/opt/homebrew/opt/libxml2/bin:/opt/homebrew/opt/libxml2/bin:/opt/homebrew/opt/libxml2/bin:/opt/homebrew/opt/libxml2/bin:/opt/homebrew/opt/libxml2/bin:/opt/homebrew/opt/libxml2/bin:/opt/homebrew/opt/libxml2/bin:/opt/homebrew/opt/libxml2/bin:/opt/homebrew/opt/libxml2/bin:/opt/homebrew/opt/libxml2/bin:/opt/homebrew/opt/libxml2/bin:/opt/homebrew/opt/libxml2/bin:/opt/homebrew/opt/libxml2/bin:/opt/homebrew/opt/libxml2/bin:/opt/homebrew/opt/libxml2/bin:/opt/homebrew/opt/libxml2/bin:/opt/homebrew/opt/libxml2/bin:/opt/homebrew/opt/libxml2/bin:/opt/homebrew/opt/libxml2/bin:/opt/homebrew/opt/libxml2/bin:/opt/homebrew/opt/libxml2/bin:/opt/homebrew/opt/libxml2/bin:/opt/homebrew/opt/libxml2/bin:/opt/homebrew/opt/libxml2/bin:/opt/homebrew/opt/libxml2/bin:/opt/homebrew/opt/libxml2/bin:/opt/homebrew/opt/libxml2/bin:/opt/homebrew/opt/libxml2/bin:/opt/homebrew/opt/libxml2/bin:/opt/homebrew/opt/libxml2/bin:/opt/homebrew/opt/libxml2/bin:/opt/homebrew/opt/libxml2/bin:/opt/homebrew/opt/libxml2/bin:/opt/homebrew/opt/libxml2/bin:/opt/homebrew/opt/libxml2/bin:/opt/homebrew/opt/libxml2/bin:/opt/homebrew/opt/libxml2/bin:/opt/homebrew/opt/libxml2/bin:/opt/homebrew/opt/libxml2/bin:/opt/homebrew/opt/libxml2/bin:/opt/homebrew/opt/libxml2/bin:/opt/homebrew/opt/libxml2/bin:/opt/homebrew/opt/libxml2/bin:/opt/homebrew/opt/libxml2/bin:/opt/homebrew/opt/libxml2/bin:/opt/homebrew/opt/libxml2/bin:/opt/homebrew/opt/libxml2/bin:/opt/homebrew/opt/libxml2/bin:/opt/homebrew/opt/libxml2/bin:/opt/homebrew/opt/libxml2/bin:/opt/homebrew/opt/libxml2/bin:/opt/homebrew/opt/libxml2/bin:/opt/homebrew/opt/libxml2/bin:/opt/homebrew/opt/libxml2/bin:/opt/homebrew/opt/libxml2/bin:/opt/homebrew/opt/libxml2/bin:/opt/homebrew/opt/libxml2/bin:/opt/homebrew/opt/libxml2/bin:/opt/homebrew/opt/libxml2/bin:/opt/homebrew/opt/libxml2/bin:/opt/homebrew/opt/libxml2/bin:/opt/homebrew/opt/libxml2/bin:/opt/homebrew/opt/libxml2/bin:/opt/homebrew/opt/libxml2/bin:/opt/homebrew/opt/libxml2/bin:/opt/homebrew/opt/libxml2/bin:/opt/homebrew/opt/libxml2/bin:/opt/homebrew/opt/libxml2/bin:/opt/homebrew/opt/libxml2/bin:/opt/homebrew/opt/libxml2/bin:/opt/homebrew/opt/libxml2/bin:/opt/homebrew/opt/libxml2/bin:/opt/homebrew/opt/libxml2/bin:/opt/homebrew/opt/libxml2/bin:/opt/homebrew/opt/libxml2/bin:/opt/homebrew/opt/libxml2/bin:/opt/homebrew/opt/libxml2/bin:/opt/homebrew/opt/libxml2/bin:/opt/homebrew/opt/libxml2/bin:/opt/homebrew/opt/libxml2/bin:/opt/homebrew/opt/libxml2/bin:/opt/homebrew/opt/libxml2/bin:/opt/homebrew/opt/libxml2/bin:/opt/homebrew/opt/libxml2/bin:/opt/homebrew/opt/libxml2/bin:/opt/homebrew/opt/libxml2/bin:/opt/homebrew/opt/libxml2/bin:/opt/homebrew/opt/libxml2/bin:/opt/homebrew/opt/libxml2/bin:/opt/homebrew/opt/libxml2/bin:/opt/homebrew/opt/libxml2/bin:/opt/homebrew/opt/libxml2/bin:/opt/homebrew/opt/libxml2/bin:/opt/homebrew/opt/libxml2/bin:/opt/homebrew/opt/libxml2/bin:/opt/homebrew/opt/libxml2/bin:/opt/homebrew/opt/libxml2/bin:/opt/homebrew/opt/libxml2/bin:/opt/homebrew/opt/libxml2/bin:/opt/homebrew/opt/libxml2/bin:/opt/homebrew/opt/libxml2/bin:/opt/homebrew/opt/libxml2/bin:/opt/homebrew/opt/libxml2/bin:/opt/homebrew/opt/libxml2/bin:/opt/homebrew/opt/libxml2/bin:/opt/homebrew/opt/libxml2/bin:/opt/homebrew/opt/libxml2/bin:/opt/homebrew/opt/libxml2/bin:/opt/homebrew/opt/libxml2/bin:/opt/homebrew/opt/libxml2/bin:/opt/homebrew/opt/libxml2/bin:/opt/homebrew/opt/libxml2/bin:/opt/homebrew/opt/libxml2/bin:/opt/homebrew/opt/libxml2/bin:/opt/homebrew/opt/libxml2/bin:/opt/homebrew/opt/libxml2/bin:/opt/homebrew/opt/libxml2/bin:/opt/homebrew/opt/libxml2/bin:/opt/homebrew/opt/libxml2/bin:/opt/homebrew/opt/libxml2/bin:/opt/homebrew/opt/libxml2/bin:/opt/homebrew/opt/libxml2/bin:/opt/homebrew/opt/libxml2/bin:/opt/homebrew/opt/libxml2/bin:/opt/homebrew/opt/libxml2/bin:/opt/homebrew/opt/libxml2/bin:/opt/homebrew/opt/libxml2/bin:/opt/homebrew/opt/libxml2/bin:/opt/homebrew/opt/libxml2/bin:/opt/homebrew/opt/libxml2/bin:/opt/homebrew/opt/libxml2/bin:/opt/homebrew/opt/libxml2/bin:/opt/homebrew/opt/libxml2/bin:/opt/homebrew/opt/libxml2/bin:/opt/homebrew/opt/libxml2/bin:/opt/homebrew/opt/libxml2/bin:/opt/homebrew/opt/libxml2/bin:/opt/homebrew/opt/libxml2/bin:/opt/homebrew/opt/libxml2/bin:/opt/homebrew/opt/libxml2/bin:/opt/homebrew/opt/libxml2/bin:/opt/homebrew/opt/libxml2/bin:/opt/homebrew/opt/libxml2/bin:/opt/homebrew/opt/libxml2/bin:/opt/homebrew/opt/libxml2/bin:/opt/homebrew/opt/libxml2/bin:/opt/homebrew/opt/libxml2/bin:/opt/homebrew/opt/libxml2/bin:/opt/homebrew/opt/libxml2/bin:/opt/homebrew/opt/libxml2/bin:/opt/homebrew/opt/libxml2/bin:/opt/homebrew/opt/libxml2/bin:/opt/homebrew/opt/libxml2/bin:/opt/homebrew/opt/libxml2/bin:/opt/homebrew/opt/libxml2/bin:/opt/homebrew/opt/libxml2/bin:/opt/homebrew/opt/libxml2/bin:/opt/homebrew/opt/libxml2/bin:/opt/homebrew/opt/libxml2/bin:/opt/homebrew/opt/libxml2/bin:/opt/homebrew/opt/libxml2/bin:/opt/homebrew/opt/libxml2/bin:/opt/homebrew/opt/libxml2/bin:/opt/homebrew/opt/libxml2/bin:/opt/homebrew/opt/libxml2/bin:/opt/homebrew/opt/libxml2/bin:/opt/homebrew/opt/libxml2/bin:/opt/homebrew/opt/libxml2/bin:/opt/homebrew/opt/libxml2/bin:/opt/homebrew/opt/libxml2/bin:/opt/homebrew/opt/libxml2/bin:/opt/homebrew/opt/libxml2/bin:/opt/homebrew/opt/libxml2/bin:/opt/homebrew/opt/libxml2/bin:/opt/homebrew/opt/libxml2/bin:/opt/homebrew/opt/libxml2/bin:/opt/homebrew/opt/libxml2/bin:/opt/homebrew/opt/libxml2/bin:/opt/homebrew/opt/libxml2/bin:/opt/homebrew/opt/libxml2/bin:/opt/homebrew/opt/libxml2/bin:/opt/homebrew/opt/libxml2/bin:/opt/homebrew/opt/libxml2/bin:/opt/homebrew/opt/libxml2/bin:/opt/homebrew/opt/libxml2/bin:/opt/homebrew/opt/libxml2/bin:/opt/homebrew/opt/libxml2/bin:/opt/homebrew/opt/libxml2/bin:/opt/homebrew/opt/libxml2/bin:/opt/homebrew/opt/libxml2/bin:/opt/homebrew/opt/libxml2/bin:/opt/homebrew/opt/libxml2/bin:/opt/homebrew/opt/libxml2/bin:/opt/homebrew/opt/libxml2/bin:/opt/homebrew/opt/libxml2/bin:/opt/homebrew/opt/libxml2/bin:/opt/homebrew/opt/libxml2/bin:/opt/homebrew/opt/libxml2/bin:/opt/homebrew/opt/libxml2/bin:/opt/homebrew/opt/libxml2/bin:/opt/homebrew/opt/libxml2/bin:/opt/homebrew/opt/libxml2/bin:/opt/homebrew/opt/libxml2/bin:/opt/homebrew/opt/libxml2/bin:/opt/homebrew/opt/libxml2/bin:/opt/homebrew/opt/libxml2/bin:/opt/homebrew/opt/libxml2/bin:/opt/homebrew/opt/libxml2/bin:/opt/homebrew/opt/libxml2/bin:/opt/homebrew/opt/libxml2/bin:/opt/homebrew/opt/libxml2/bin:/opt/homebrew/opt/libxml2/bin:/opt/homebrew/opt/libxml2/bin:/opt/homebrew/opt/libxml2/bin:/opt/homebrew/opt/libxml2/bin:/opt/homebrew/opt/libxml2/bin:/opt/homebrew/opt/libxml2/bin:/opt/homebrew/opt/libxml2/bin:/opt/homebrew/opt/libxml2/bin:/opt/homebrew/opt/libxml2/bin:/opt/homebrew/opt/libxml2/bin:/opt/homebrew/opt/libxml2/bin:/opt/homebrew/opt/libxml2/bin:/opt/homebrew/opt/libxml2/bin:/opt/homebrew/opt/libxml2/bin:/opt/homebrew/opt/libxml2/bin:/opt/homebrew/opt/libxml2/bin:/opt/homebrew/opt/libxml2/bin:/opt/homebrew/opt/libxml2/bin:/opt/homebrew/opt/libxml2/bin:/opt/homebrew/opt/libxml2/bin:/opt/homebrew/opt/libxml2/bin:/opt/homebrew/opt/libxml2/bin:/opt/homebrew/opt/libxml2/bin:/opt/homebrew/opt/libxml2/bin:/opt/homebrew/opt/libxml2/bin:/opt/homebrew/opt/libxml2/bin:/opt/homebrew/opt/libxml2/bin:/opt/homebrew/opt/libxml2/bin:/opt/homebrew/opt/libxml2/bin:/opt/homebrew/opt/libxml2/bin:/opt/homebrew/opt/libxml2/bin:/opt/homebrew/opt/libxml2/bin:/opt/homebrew/opt/libxml2/bin:/opt/homebrew/opt/libxml2/bin:/opt/homebrew/opt/libxml2/bin:/opt/homebrew/opt/libxml2/bin:/opt/homebrew/opt/libxml2/bin:/opt/homebrew/opt/libxml2/bin:/opt/homebrew/opt/libxml2/bin:/opt/homebrew/opt/libxml2/bin:/opt/homebrew/opt/libxml2/bin:/opt/homebrew/opt/libxml2/bin:/opt/homebrew/opt/libxml2/bin:/opt/homebrew/opt/libxml2/bin:/opt/homebrew/opt/libxml2/bin:/opt/homebrew/opt/libxml2/bin:/opt/homebrew/opt/libxml2/bin:/opt/homebrew/opt/libxml2/bin:/opt/homebrew/opt/libxml2/bin:/opt/homebrew/opt/libxml2/bin:/opt/homebrew/opt/libxml2/bin:/opt/homebrew/opt/libxml2/bin:/opt/homebrew/opt/libxml2/bin:/opt/homebrew/opt/libxml2/bin:/opt/homebrew/opt/libxml2/bin:/opt/homebrew/opt/libxml2/bin:/opt/homebrew/opt/libxml2/bin:/opt/homebrew/opt/libxml2/bin:/opt/homebrew/opt/libxml2/bin:/opt/homebrew/opt/libxml2/bin:/opt/homebrew/opt/libxml2/bin:/opt/homebrew/opt/libxml2/bin:/opt/homebrew/opt/libxml2/bin:/opt/homebrew/opt/libxml2/bin:/opt/homebrew/opt/libxml2/bin:/opt/homebrew/opt/libxml2/bin:/opt/homebrew/opt/libxml2/bin:/opt/homebrew/opt/libxml2/bin:/opt/homebrew/opt/libxml2/bin:/opt/homebrew/opt/libxml2/bin:/opt/homebrew/opt/libxml2/bin:/opt/homebrew/opt/libxml2/bin:/opt/homebrew/opt/libxml2/bin:/opt/homebrew/opt/libxml2/bin:/opt/homebrew/opt/libxml2/bin:/opt/homebrew/opt/libxml2/bin:/opt/homebrew/opt/libxml2/bin:/opt/homebrew/opt/libxml2/bin:/opt/homebrew/opt/libxml2/bin:/opt/homebrew/opt/libxml2/bin:/opt/homebrew/opt/libxml2/bin:/opt/homebrew/opt/libxml2/bin:/opt/homebrew/opt/libxml2/bin:/opt/homebrew/opt/libxml2/bin:/opt/homebrew/opt/libxml2/bin:/opt/homebrew/opt/libxml2/bin:/opt/homebrew/opt/libxml2/bin:/opt/homebrew/opt/libxml2/bin:/opt/homebrew/opt/libxml2/bin:/opt/homebrew/opt/libxml2/bin:/opt/homebrew/opt/libxml2/bin:/opt/homebrew/opt/libxml2/bin:/opt/homebrew/opt/libxml2/bin:/opt/homebrew/opt/libxml2/bin:/opt/homebrew/opt/libxml2/bin:/opt/homebrew/opt/libxml2/bin:/opt/homebrew/opt/libxml2/bin:/opt/homebrew/opt/libxml2/bin:/opt/homebrew/opt/libxml2/bin:/opt/homebrew/opt/libxml2/bin:/Users/aborn/Library/pnpm:/opt/homebrew/opt/libxml2/bin:/opt/homebrew/opt/libxml2/bin:/opt/homebrew/opt/libxml2/bin:/opt/homebrew/opt/libxml2/bin:/opt/homebrew/opt/libxml2/bin:/opt/homebrew/opt/libxml2/bin:/opt/homebrew/opt/libxml2/bin:/opt/homebrew/opt/libxml2/bin:/opt/homebrew/opt/libxml2/bin:/opt/homebrew/opt/libxml2/bin:/opt/homebrew/opt/libxml2/bin:/opt/homebrew/opt/libxml2/bin:/opt/homebrew/opt/libxml2/bin:/opt/homebrew/opt/libxml2/bin:/opt/homebrew/opt/libxml2/bin:/opt/homebrew/opt/libxml2/bin:/opt/homebrew/opt/libxml2/bin:/opt/homebrew/opt/libxml2/bin:/opt/homebrew/opt/libxml2/bin:/opt/homebrew/opt/libxml2/bin:/opt/homebrew/opt/libxml2/bin:/opt/homebrew/opt/libxml2/bin:/opt/homebrew/opt/libxml2/bin:/opt/homebrew/opt/libxml2/bin:/opt/homebrew/opt/libxml2/bin:/opt/homebrew/opt/libxml2/bin:/opt/homebrew/opt/libxml2/bin:/opt/homebrew/opt/libxml2/bin:/opt/homebrew/opt/libxml2/bin:/opt/homebrew/opt/libxml2/bin:/opt/homebrew/opt/libxml2/bin:/opt/homebrew/opt/libxml2/bin:/opt/homebrew/opt/libxml2/bin:/opt/homebrew/opt/libxml2/bin:/opt/homebrew/opt/libxml2/bin:/opt/homebrew/opt/libxml2/bin:/opt/homebrew/opt/libxml2/bin:/opt/homebrew/opt/libxml2/bin:/opt/homebrew/opt/libxml2/bin:/opt/homebrew/opt/libxml2/bin:/opt/homebrew/opt/libxml2/bin:/opt/homebrew/opt/libxml2/bin:/opt/homebrew/opt/libxml2/bin:/opt/homebrew/opt/libxml2/bin:/opt/homebrew/opt/libxml2/bin:/opt/homebrew/opt/libxml2/bin:/opt/homebrew/opt/libxml2/bin:/opt/homebrew/opt/libxml2/bin:/opt/homebrew/opt/libxml2/bin:/opt/homebrew/opt/libxml2/bin:/opt/homebrew/opt/libxml2/bin:/opt/homebrew/opt/libxml2/bin:/opt/homebrew/opt/libxml2/bin:/opt/homebrew/opt/libxml2/bin:/opt/homebrew/opt/libxml2/bin:/opt/homebrew/opt/libxml2/bin:/opt/homebrew/opt/libxml2/bin:/opt/homebrew/opt/libxml2/bin:/opt/homebrew/opt/libxml2/bin:/opt/homebrew/opt/libxml2/bin:/opt/homebrew/opt/libxml2/bin:/opt/homebrew/opt/libxml2/bin:/opt/homebrew/opt/libxml2/bin:/opt/homebrew/opt/libxml2/bin:/opt/homebrew/opt/libxml2/bin:/opt/homebrew/opt/libxml2/bin:/opt/homebrew/opt/libxml2/bin:/opt/homebrew/opt/libxml2/bin:/opt/homebrew/opt/libxml2/bin:/opt/homebrew/opt/libxml2/bin:/opt/homebrew/opt/libxml2/bin:/opt/homebrew/opt/libxml2/bin:/opt/homebrew/opt/libxml2/bin:/opt/homebrew/opt/libxml2/bin:/opt/homebrew/opt/libxml2/bin:/opt/homebrew/opt/libxml2/bin:/opt/homebrew/opt/libxml2/bin:/opt/homebrew/opt/libxml2/bin:/opt/homebrew/opt/libxml2/bin:/opt/homebrew/opt/libxml2/bin:/opt/homebrew/opt/libxml2/bin:/opt/homebrew/opt/libxml2/bin:/opt/homebrew/opt/libxml2/bin:/opt/homebrew/opt/libxml2/bin:/opt/homebrew/opt/libxml2/bin:/opt/homebrew/opt/libxml2/bin:/opt/homebrew/opt/libxml2/bin:/opt/homebrew/opt/libxml2/bin:/opt/homebrew/opt/libxml2/bin:/opt/homebrew/opt/libxml2/bin:/opt/homebrew/opt/libxml2/bin:/opt/homebrew/opt/libxml2/bin:/opt/homebrew/opt/libxml2/bin:/opt/homebrew/opt/libxml2/bin:/opt/homebrew/opt/libxml2/bin:/opt/homebrew/opt/libxml2/bin:/opt/homebrew/opt/libxml2/bin:/opt/homebrew/opt/libxml2/bin:/opt/homebrew/opt/libxml2/bin:/opt/homebrew/opt/libxml2/bin:/opt/homebrew/opt/libxml2/bin:/opt/homebrew/opt/libxml2/bin:/opt/homebrew/opt/libxml2/bin:/opt/homebrew/opt/libxml2/bin:/opt/homebrew/opt/libxml2/bin:/opt/homebrew/opt/libxml2/bin:/opt/homebrew/opt/libxml2/bin:/opt/homebrew/opt/libxml2/bin:/opt/homebrew/opt/libxml2/bin:/opt/homebrew/opt/libxml2/bin:/opt/homebrew/opt/libxml2/bin:/opt/homebrew/opt/libxml2/bin:/opt/homebrew/opt/libxml2/bin:/opt/homebrew/opt/libxml2/bin:/opt/homebrew/opt/libxml2/bin:/opt/homebrew/opt/libxml2/bin:/opt/homebrew/opt/libxml2/bin:/opt/homebrew/opt/libxml2/bin:/opt/homebrew/opt/libxml2/bin:/opt/homebrew/opt/libxml2/bin:/opt/homebrew/opt/libxml2/bin:/opt/homebrew/opt/libxml2/bin:/opt/homebrew/opt/libxml2/bin:/opt/homebrew/opt/libxml2/bin:/opt/homebrew/opt/libxml2/bin:/opt/homebrew/opt/libxml2/bin:/opt/homebrew/opt/libxml2/bin:/opt/homebrew/opt/libxml2/bin:/opt/homebrew/opt/libxml2/bin:/opt/homebrew/opt/libxml2/bin:/opt/homebrew/opt/libxml2/bin:/opt/homebrew/opt/libxml2/bin:/opt/homebrew/opt/libxml2/bin:/opt/homebrew/opt/libxml2/bin:/opt/homebrew/opt/libxml2/bin:/opt/homebrew/opt/libxml2/bin:/opt/homebrew/opt/libxml2/bin:/opt/homebrew/opt/libxml2/bin:/opt/homebrew/opt/libxml2/bin:/opt/homebrew/opt/libxml2/bin:/opt/homebrew/opt/libxml2/bin:/opt/homebrew/opt/libxml2/bin:/opt/homebrew/opt/libxml2/bin:/opt/homebrew/opt/libxml2/bin:/opt/homebrew/opt/libxml2/bin:/opt/homebrew/opt/libxml2/bin:/opt/homebrew/opt/libxml2/bin:/opt/homebrew/opt/libxml2/bin:/opt/homebrew/opt/libxml2/bin:/opt/homebrew/opt/libxml2/bin:/opt/homebrew/opt/libxml2/bin:/opt/homebrew/opt/libxml2/bin:/opt/homebrew/opt/libxml2/bin:/opt/homebrew/opt/libxml2/bin:/opt/homebrew/opt/libxml2/bin:/opt/homebrew/opt/libxml2/bin:/opt/homebrew/opt/libxml2/bin:/opt/homebrew/opt/libxml2/bin:/opt/homebrew/opt/libxml2/bin:/opt/homebrew/opt/libxml2/bin:/opt/homebrew/opt/libxml2/bin:/opt/homebrew/opt/libxml2/bin:/opt/homebrew/opt/libxml2/bin:/opt/homebrew/opt/libxml2/bin:/opt/homebrew/opt/libxml2/bin:/opt/homebrew/opt/libxml2/bin:/opt/homebrew/opt/libxml2/bin:/opt/homebrew/opt/libxml2/bin:/opt/homebrew/opt/libxml2/bin:/opt/homebrew/opt/libxml2/bin:/opt/homebrew/opt/libxml2/bin:/opt/homebrew/opt/libxml2/bin:/opt/homebrew/opt/libxml2/bin:/opt/homebrew/opt/libxml2/bin:/opt/homebrew/opt/libxml2/bin:/opt/homebrew/opt/libxml2/bin:/opt/homebrew/opt/libxml2/bin:/opt/homebrew/opt/libxml2/bin:/opt/homebrew/opt/libxml2/bin:/opt/homebrew/opt/libxml2/bin:/opt/homebrew/opt/libxml2/bin:/opt/homebrew/opt/libxml2/bin:/opt/homebrew/opt/libxml2/bin:/opt/homebrew/opt/libxml2/bin:/opt/homebrew/opt/libxml2/bin:/opt/homebrew/opt/libxml2/bin:/opt/homebrew/opt/libxml2/bin:/opt/homebrew/opt/libxml2/bin:/opt/homebrew/opt/libxml2/bin:/opt/homebrew/opt/libxml2/bin:/opt/homebrew/opt/libxml2/bin:/opt/homebrew/opt/libxml2/bin:/opt/homebrew/opt/libxml2/bin:/opt/homebrew/opt/libxml2/bin:/opt/homebrew/opt/libxml2/bin:/opt/homebrew/opt/libxml2/bin:/opt/homebrew/opt/libxml2/bin:/opt/homebrew/opt/libxml2/bin:/opt/homebrew/opt/libxml2/bin:/opt/homebrew/opt/libxml2/bin:/opt/homebrew/opt/libxml2/bin:/opt/homebrew/opt/libxml2/bin:/opt/homebrew/opt/libxml2/bin:/opt/homebrew/opt/libxml2/bin:/opt/homebrew/opt/libxml2/bin:/opt/homebrew/opt/libxml2/bin:/opt/homebrew/opt/libxml2/bin:/opt/homebrew/opt/libxml2/bin:/opt/homebrew/opt/libxml2/bin:/opt/homebrew/opt/libxml2/bin:/opt/homebrew/opt/libxml2/bin:/opt/homebrew/opt/libxml2/bin:/opt/homebrew/opt/libxml2/bin:/opt/homebrew/opt/libxml2/bin:/opt/homebrew/opt/libxml2/bin:/opt/homebrew/opt/libxml2/bin:/opt/homebrew/opt/libxml2/bin:/opt/homebrew/opt/libxml2/bin:/opt/homebrew/opt/libxml2/bin:/opt/homebrew/opt/libxml2/bin:/opt/homebrew/opt/libxml2/bin:/opt/homebrew/opt/libxml2/bin:/opt/homebrew/opt/libxml2/bin:/opt/homebrew/opt/libxml2/bin:/opt/homebrew/opt/libxml2/bin:/opt/homebrew/opt/libxml2/bin:/opt/homebrew/opt/libxml2/bin:/opt/homebrew/opt/libxml2/bin:/opt/homebrew/opt/libxml2/bin:/opt/homebrew/opt/libxml2/bin:/opt/homebrew/opt/libxml2/bin:/opt/homebrew/opt/libxml2/bin:/opt/homebrew/opt/libxml2/bin:/opt/homebrew/opt/libxml2/bin:/opt/homebrew/opt/libxml2/bin:/opt/homebrew/opt/libxml2/bin:/opt/homebrew/opt/libxml2/bin:/opt/homebrew/opt/libxml2/bin:/opt/homebrew/opt/libxml2/bin:/opt/homebrew/opt/libxml2/bin:/opt/homebrew/opt/libxml2/bin:/opt/homebrew/opt/libxml2/bin:/opt/homebrew/opt/libxml2/bin:/opt/homebrew/opt/libxml2/bin:/opt/homebrew/opt/libxml2/bin:/opt/homebrew/opt/libxml2/bin:/opt/homebrew/opt/libxml2/bin:/opt/homebrew/opt/libxml2/bin:/opt/homebrew/opt/libxml2/bin:/opt/homebrew/opt/libxml2/bin:/opt/homebrew/opt/libxml2/bin:/opt/homebrew/opt/libxml2/bin:/opt/homebrew/opt/libxml2/bin:/opt/homebrew/opt/libxml2/bin:/opt/homebrew/opt/libxml2/bin:/opt/homebrew/opt/libxml2/bin:/opt/homebrew/opt/libxml2/bin:/opt/homebrew/opt/libxml2/bin:/opt/homebrew/opt/libxml2/bin:/opt/homebrew/opt/libxml2/bin:/opt/homebrew/opt/libxml2/bin:/opt/homebrew/opt/libxml2/bin:/opt/homebrew/opt/libxml2/bin:/opt/homebrew/opt/libxml2/bin:/opt/homebrew/opt/libxml2/bin:/opt/homebrew/opt/libxml2/bin:/opt/homebrew/opt/libxml2/bin:/opt/homebrew/opt/libxml2/bin:/opt/homebrew/opt/libxml2/bin:/opt/homebrew/opt/libxml2/bin:/opt/homebrew/opt/libxml2/bin:/opt/homebrew/opt/libxml2/bin:/opt/homebrew/opt/libxml2/bin:/opt/homebrew/opt/libxml2/bin:/opt/homebrew/opt/libxml2/bin:/opt/homebrew/opt/libxml2/bin:/opt/homebrew/opt/libxml2/bin:/opt/homebrew/opt/libxml2/bin:/opt/homebrew/opt/libxml2/bin:/opt/homebrew/opt/libxml2/bin:/opt/homebrew/opt/libxml2/bin:/opt/homebrew/opt/libxml2/bin:/opt/homebrew/opt/libxml2/bin:/opt/homebrew/opt/libxml2/bin:/opt/homebrew/opt/libxml2/bin:/opt/homebrew/opt/libxml2/bin:/opt/homebrew/opt/libxml2/bin:/opt/homebrew/opt/libxml2/bin:/opt/homebrew/opt/libxml2/bin:/opt/homebrew/opt/libxml2/bin:/opt/homebrew/opt/libxml2/bin:/opt/homebrew/opt/libxml2/bin:/opt/homebrew/opt/libxml2/bin:/opt/homebrew/opt/libxml2/bin:/opt/homebrew/opt/libxml2/bin:/opt/homebrew/opt/libxml2/bin:/opt/homebrew/opt/libxml2/bin:/opt/homebrew/opt/libxml2/bin:/opt/homebrew/opt/libxml2/bin:/opt/homebrew/opt/libxml2/bin:/opt/homebrew/opt/libxml2/bin:/opt/homebrew/opt/libxml2/bin:/opt/homebrew/opt/libxml2/bin:/opt/homebrew/opt/libxml2/bin:/opt/homebrew/opt/libxml2/bin:/opt/homebrew/opt/libxml2/bin:/opt/homebrew/opt/libxml2/bin:/opt/homebrew/opt/libxml2/bin:/opt/homebrew/opt/libxml2/bin:/opt/homebrew/opt/libxml2/bin:/opt/homebrew/opt/libxml2/bin:/opt/homebrew/opt/libxml2/bin:/opt/homebrew/opt/libxml2/bin:/opt/homebrew/opt/libxml2/bin:/opt/homebrew/opt/libxml2/bin:/opt/homebrew/opt/libxml2/bin:/opt/homebrew/opt/libxml2/bin:/opt/homebrew/opt/libxml2/bin:/opt/homebrew/opt/libxml2/bin:/opt/homebrew/opt/libxml2/bin:/opt/homebrew/opt/libxml2/bin:/opt/homebrew/opt/libxml2/bin:/opt/homebrew/opt/libxml2/bin:/opt/homebrew/opt/libxml2/bin:/opt/homebrew/opt/libxml2/bin:/opt/homebrew/opt/libxml2/bin:/opt/homebrew/opt/libxml2/bin:/opt/homebrew/opt/libxml2/bin:/opt/homebrew/opt/libxml2/bin:/opt/homebrew/opt/libxml2/bin:/opt/homebrew/opt/libxml2/bin:/opt/homebrew/opt/libxml2/bin:/opt/homebrew/opt/libxml2/bin:/opt/homebrew/opt/libxml2/bin:/opt/homebrew/opt/libxml2/bin:/opt/homebrew/opt/libxml2/bin:/opt/homebrew/opt/libxml2/bin:/opt/homebrew/opt/libxml2/bin:/opt/homebrew/opt/libxml2/bin:/opt/homebrew/opt/libxml2/bin:/opt/homebrew/opt/libxml2/bin:/opt/homebrew/opt/libxml2/bin:/opt/homebrew/opt/libxml2/bin:/opt/homebrew/opt/libxml2/bin:/opt/homebrew/opt/libxml2/bin:/opt/homebrew/opt/libxml2/bin:/opt/homebrew/opt/libxml2/bin:/opt/homebrew/opt/libxml2/bin:/opt/homebrew/opt/libxml2/bin:/opt/homebrew/opt/libxml2/bin:/opt/homebrew/opt/libxml2/bin:/opt/homebrew/opt/libxml2/bin:/opt/homebrew/opt/libxml2/bin:/opt/homebrew/opt/libxml2/bin:/opt/homebrew/opt/libxml2/bin:/opt/homebrew/opt/libxml2/bin:/opt/homebrew/opt/libxml2/bin:/opt/homebrew/opt/libxml2/bin:/opt/homebrew/opt/libxml2/bin:/opt/homebrew/opt/libxml2/bin:/opt/homebrew/opt/libxml2/bin:/opt/homebrew/opt/libxml2/bin:/opt/homebrew/opt/libxml2/bin:/opt/homebrew/opt/libxml2/bin:/opt/homebrew/opt/libxml2/bin:/opt/homebrew/opt/libxml2/bin:/opt/homebrew/opt/libxml2/bin:/opt/homebrew/opt/libxml2/bin:/opt/homebrew/opt/libxml2/bin:/opt/homebrew/opt/libxml2/bin:/opt/homebrew/opt/libxml2/bin:/opt/homebrew/opt/libxml2/bin:/opt/homebrew/opt/libxml2/bin:/opt/homebrew/opt/libxml2/bin:/opt/homebrew/opt/libxml2/bin:/opt/homebrew/opt/libxml2/bin:/opt/homebrew/opt/libxml2/bin:/opt/homebrew/opt/libxml2/bin:/opt/homebrew/opt/libxml2/bin:/opt/homebrew/opt/libxml2/bin:/opt/homebrew/opt/libxml2/bin:/opt/homebrew/opt/libxml2/bin:/opt/homebrew/opt/libxml2/bin:/opt/homebrew/opt/libxml2/bin:/opt/homebrew/opt/libxml2/bin:/opt/homebrew/opt/libxml2/bin:/opt/homebrew/opt/libxml2/bin:/opt/homebrew/opt/libxml2/bin:/opt/homebrew/opt/libxml2/bin:/opt/homebrew/opt/libxml2/bin:/opt/homebrew/opt/libxml2/bin:/opt/homebrew/opt/libxml2/bin:/opt/homebrew/opt/libxml2/bin:/opt/homebrew/opt/libxml2/bin:/opt/homebrew/opt/libxml2/bin:/opt/homebrew/opt/libxml2/bin:/opt/homebrew/opt/libxml2/bin:/opt/homebrew/opt/libxml2/bin:/opt/homebrew/opt/libxml2/bin:/opt/homebrew/opt/libxml2/bin:/opt/homebrew/opt/libxml2/bin:/opt/homebrew/opt/libxml2/bin:/opt/homebrew/opt/libxml2/bin:/opt/homebrew/opt/libxml2/bin:/opt/homebrew/opt/libxml2/bin:/opt/homebrew/opt/libxml2/bin:/opt/homebrew/opt/libxml2/bin:/opt/homebrew/opt/libxml2/bin:/opt/homebrew/opt/libxml2/bin:/opt/homebrew/opt/libxml2/bin:/opt/homebrew/opt/libxml2/bin:/opt/homebrew/opt/libxml2/bin:/opt/homebrew/opt/libxml2/bin:/opt/homebrew/opt/libxml2/bin:/opt/homebrew/opt/libxml2/bin:/opt/homebrew/opt/libxml2/bin:/opt/homebrew/opt/libxml2/bin:/opt/homebrew/opt/libxml2/bin:/opt/homebrew/opt/libxml2/bin:/opt/homebrew/opt/libxml2/bin:/opt/homebrew/opt/libxml2/bin:/opt/homebrew/opt/libxml2/bin:/opt/homebrew/opt/libxml2/bin:/opt/homebrew/opt/libxml2/bin:/opt/homebrew/opt/libxml2/bin:/opt/homebrew/opt/libxml2/bin:/opt/homebrew/opt/libxml2/bin:/opt/homebrew/opt/libxml2/bin:/opt/homebrew/opt/libxml2/bin:/opt/homebrew/opt/libxml2/bin:/opt/homebrew/opt/libxml2/bin:/opt/homebrew/opt/libxml2/bin:/opt/homebrew/opt/libxml2/bin:/opt/homebrew/opt/libxml2/bin:/opt/homebrew/opt/libxml2/bin:/opt/homebrew/opt/libxml2/bin:/opt/homebrew/opt/libxml2/bin:/opt/homebrew/opt/libxml2/bin:/opt/homebrew/opt/libxml2/bin:/opt/homebrew/opt/libxml2/bin:/Users/aborn/.cargo/bin:/opt/homebrew/bin:/usr/local/bin:/usr/bin:/sbin:/bin:/opt/homebrew/bin:/usr/local/mysql/bin:/usr/local/go/bin:/Applications/IntelliJ IDEA.app/Contents/MacOS:/Users/aborn/github/CodeSnippet/shell:/opt/homebrew/opt/lsof/bin:/Users/aborn/Library/Python/3.9/bin:/usr/sbin:/Users/aborn/software/apache-maven-3.9.1/bin:/Users/aborn/github/CodeSnippet/git

Yarn version: 
  1.22.19

Node version: 
  20.14.0

Platform: 
  darwin arm64

Trace: 
  Error: https://mirrors.cloud.tencent.com/npm/axios: tunneling socket could not be established, cause=connect ECONNREFUSED 127.0.0.1:23457
      at ClientRequest.onError (/usr/local/lib/node_modules/yarn/lib/cli.js:152376:17)
      at Object.onceWrapper (node:events:634:26)
      at ClientRequest.emit (node:events:519:28)
      at Socket.socketErrorListener (node:_http_client:500:9)
      at Socket.emit (node:events:519:28)
      at emitErrorNT (node:internal/streams/destroy:169:8)
      at emitErrorCloseNT (node:internal/streams/destroy:128:3)
      at process.processTicksAndRejections (node:internal/process/task_queues:82:21)

npm manifest: 
  {
    "name": "codepulse",
    "displayName": "CodePulse",
    "description": "CodePulse, a vscode extension for tracing your code time.",
    "publisher": "aborn",
    "version": "0.0.2",
    "homepage": "https://github.com/aborn/CodePulse",
    "repository": {
      "type": "git",
      "url": "https://github.com/aborn/CodePulse"
    },
    "engines": {
      "vscode": "^1.75.0"
    },
    "categories": [
      "Other"
    ],
    "icon": "images/logo.png",
    "activationEvents": [
      "onStartupFinished"
    ],
    "main": "./out/extension.js",
    "contributes": {
      "commands": [
        {
          "command": "CodePulse.helloWorld",
          "title": "CodePulse: Hello World"
        },
        {
          "command": "CodePulse.config_file",
          "title": "CodePulse: Open Config File..."
        },
        {
          "command": "CodePulse.token",
          "title": "CodePulse: Config token"
        },
        {
          "command": "CodePulse.url",
          "title": "CodePulse: Config Base url"
        },
        {
          "command": "CodePulse.level",
          "title": "CodePulse: Config Log Level"
        }
      ]
    },
    "scripts": {
      "vscode:prepublish": "yarn run compile",
      "compile": "tsc -p ./",
      "watch": "tsc -watch -p ./",
      "pretest": "yarn run compile && yarn run lint",
      "lint": "eslint src --ext ts",
      "test": "node ./out/test/runTest.js"
    },
    "devDependencies": {
      "@types/glob": "^8.0.1",
      "@types/mocha": "^10.0.1",
      "@types/node": "16.x",
      "@types/vscode": "^1.75.0",
      "@typescript-eslint/eslint-plugin": "^5.49.0",
      "@typescript-eslint/parser": "^5.49.0",
      "@vscode/test-electron": "^2.2.2",
      "eslint": "^8.33.0",
      "glob": "^8.1.0",
      "mocha": "^10.1.0",
      "typescript": "^4.9.4"
    },
    "dependencies": {
      "axios": "^1.3.2",
      "bitset": "^5.1.1"
    }
  }

yarn manifest: 
  No manifest

Lockfile: 
  No lockfile
